2026-02-08T01:21:57.782+09:00  INFO 33368 --- [dna-tools-api] [Test worker] c.dna.tools.DnaToolsApiApplicationTests  : Starting DnaToolsApiApplicationTests using Java 21.0.8 with PID 33368 (started by User in E:\DJL\react_work\dna-tools\backend\dna-tools-api)
2026-02-08T01:21:57.783+09:00 DEBUG 33368 --- [dna-tools-api] [Test worker] c.dna.tools.DnaToolsApiApplicationTests  : Running with Spring Boot v3.5.9, Spring v6.2.15
2026-02-08T01:21:57.783+09:00  INFO 33368 --- [dna-tools-api] [Test worker] c.dna.tools.DnaToolsApiApplicationTests  : No active profile set, falling back to 1 default profile: "default"
2026-02-08T01:21:58.248+09:00  INFO 33368 --- [dna-tools-api] [Test worker] .s.d.r.c.RepositoryConfigurationDelegate : Bootstrapping Spring Data JPA repositories in DEFAULT mode.
2026-02-08T01:21:58.308+09:00  INFO 33368 --- [dna-tools-api] [Test worker] .s.d.r.c.RepositoryConfigurationDelegate : Finished Spring Data repository scanning in 53 ms. Found 5 JPA repository interfaces.
2026-02-08T01:21:58.875+09:00  INFO 33368 --- [dna-tools-api] [Test worker] o.hibernate.jpa.internal.util.LogHelper  : HHH000204: Processing PersistenceUnitInfo [name: default]
2026-02-08T01:21:58.917+09:00  INFO 33368 --- [dna-tools-api] [Test worker] org.hibernate.Version                    : HHH000412: Hibernate ORM core version 6.6.39.Final
2026-02-08T01:21:58.936+09:00  INFO 33368 --- [dna-tools-api] [Test worker] o.h.c.internal.RegionFactoryInitiator    : HHH000026: Second-level cache disabled
2026-02-08T01:21:59.179+09:00  INFO 33368 --- [dna-tools-api] [Test worker] o.s.o.j.p.SpringPersistenceUnitInfo      : No LoadTimeWeaver setup: ignoring JPA class transformer
2026-02-08T01:21:59.197+09:00  INFO 33368 --- [dna-tools-api] [Test worker] com.zaxxer.hikari.HikariDataSource       : HikariPool-1 - Starting...
2026-02-08T01:21:59.392+09:00  INFO 33368 --- [dna-tools-api] [Test worker] com.zaxxer.hikari.pool.HikariPool        : HikariPool-1 - Added connection com.mysql.cj.jdbc.ConnectionImpl@39004e4f
2026-02-08T01:21:59.393+09:00  INFO 33368 --- [dna-tools-api] [Test worker] com.zaxxer.hikari.HikariDataSource       : HikariPool-1 - Start completed.
2026-02-08T01:21:59.445+09:00  INFO 33368 --- [dna-tools-api] [Test worker] org.hibernate.orm.connections.pooling    : HHH10001005: Database info:
	Database JDBC URL [Connecting through datasource 'HikariDataSource (HikariPool-1)']
	Database driver: undefined/unknown
	Database version: 8.0.44
	Autocommit mode: undefined/unknown
	Isolation level: undefined/unknown
	Minimum pool size: undefined/unknown
	Maximum pool size: undefined/unknown
2026-02-08T01:22:00.044+09:00  INFO 33368 --- [dna-tools-api] [Test worker] o.h.e.t.j.p.i.JtaPlatformInitiator       : HHH000489: No JTA platform available (set 'hibernate.transaction.jta.platform' to enable JTA platform integration)
2026-02-08T01:22:00.046+09:00  INFO 33368 --- [dna-tools-api] [Test worker] j.LocalContainerEntityManagerFactoryBean : Initialized JPA EntityManagerFactory for persistence unit 'default'
2026-02-08T01:22:00.402+09:00  INFO 33368 --- [dna-tools-api] [Test worker] o.s.d.j.r.query.QueryEnhancerFactory     : Hibernate is in classpath; If applicable, HQL parser will be used.
2026-02-08T01:22:00.822+09:00  WARN 33368 --- [dna-tools-api] [Test worker] JpaBaseConfiguration$JpaWebConfiguration : spring.jpa.open-in-view is enabled by default. Therefore, database queries may be performed during view rendering. Explicitly configure spring.jpa.open-in-view to disable this warning
2026-02-08T01:22:01.081+09:00  WARN 33368 --- [dna-tools-api] [Test worker] .s.s.UserDetailsServiceAutoConfiguration : 

Using generated security password: 8c420c65-4f37-4352-a9f1-472a453f7536

This generated password is for development use only. Your security configuration must be updated before running your application in production.

2026-02-08T01:22:01.096+09:00  INFO 33368 --- [dna-tools-api] [Test worker] r$InitializeUserDetailsManagerConfigurer : Global AuthenticationManager configured with UserDetailsService bean with name inMemoryUserDetailsManager
2026-02-08T01:22:01.429+09:00  INFO 33368 --- [dna-tools-api] [Test worker] c.dna.tools.DnaToolsApiApplicationTests  : Started DnaToolsApiApplicationTests in 3.822 seconds (process running for 4.504)
2026-02-08T01:22:01.645+09:00  INFO 33368 --- [dna-tools-api] [SpringApplicationShutdownHook] j.LocalContainerEntityManagerFactoryBean : Closing JPA EntityManagerFactory for persistence unit 'default'
2026-02-08T01:22:01.648+09:00  INFO 33368 --- [dna-tools-api] [SpringApplicationShutdownHook] com.zaxxer.hikari.HikariDataSource       : HikariPool-1 - Shutdown initiated...
2026-02-08T01:22:01.652+09:00  INFO 33368 --- [dna-tools-api] [SpringApplicationShutdownHook] com.zaxxer.hikari.HikariDataSource       : HikariPool-1 - Shutdown completed.
2026-02-08T15:57:10.894+09:00  INFO 13164 --- [dna-tools-api] [Test worker] c.dna.tools.DnaToolsApiApplicationTests  : Starting DnaToolsApiApplicationTests using Java 21.0.8 with PID 13164 (started by User in E:\DJL\react_work\dna-tools\backend\dna-tools-api)
2026-02-08T15:57:10.895+09:00 DEBUG 13164 --- [dna-tools-api] [Test worker] c.dna.tools.DnaToolsApiApplicationTests  : Running with Spring Boot v3.5.9, Spring v6.2.15
2026-02-08T15:57:10.895+09:00  INFO 13164 --- [dna-tools-api] [Test worker] c.dna.tools.DnaToolsApiApplicationTests  : No active profile set, falling back to 1 default profile: "default"
2026-02-08T15:57:11.376+09:00  INFO 13164 --- [dna-tools-api] [Test worker] .s.d.r.c.RepositoryConfigurationDelegate : Bootstrapping Spring Data JPA repositories in DEFAULT mode.
2026-02-08T15:57:11.428+09:00  INFO 13164 --- [dna-tools-api] [Test worker] .s.d.r.c.RepositoryConfigurationDelegate : Finished Spring Data repository scanning in 44 ms. Found 5 JPA repository interfaces.
2026-02-08T15:57:11.992+09:00  INFO 13164 --- [dna-tools-api] [Test worker] o.hibernate.jpa.internal.util.LogHelper  : HHH000204: Processing PersistenceUnitInfo [name: default]
2026-02-08T15:57:12.037+09:00  INFO 13164 --- [dna-tools-api] [Test worker] org.hibernate.Version                    : HHH000412: Hibernate ORM core version 6.6.39.Final
2026-02-08T15:57:12.053+09:00  INFO 13164 --- [dna-tools-api] [Test worker] o.h.c.internal.RegionFactoryInitiator    : HHH000026: Second-level cache disabled
2026-02-08T15:57:12.261+09:00  INFO 13164 --- [dna-tools-api] [Test worker] o.s.o.j.p.SpringPersistenceUnitInfo      : No LoadTimeWeaver setup: ignoring JPA class transformer
2026-02-08T15:57:12.278+09:00  INFO 13164 --- [dna-tools-api] [Test worker] com.zaxxer.hikari.HikariDataSource       : HikariPool-1 - Starting...
2026-02-08T15:57:12.498+09:00  INFO 13164 --- [dna-tools-api] [Test worker] com.zaxxer.hikari.pool.HikariPool        : HikariPool-1 - Added connection com.mysql.cj.jdbc.ConnectionImpl@20afd96f
2026-02-08T15:57:12.500+09:00  INFO 13164 --- [dna-tools-api] [Test worker] com.zaxxer.hikari.HikariDataSource       : HikariPool-1 - Start completed.
2026-02-08T15:57:12.546+09:00  INFO 13164 --- [dna-tools-api] [Test worker] org.hibernate.orm.connections.pooling    : HHH10001005: Database info:
	Database JDBC URL [Connecting through datasource 'HikariDataSource (HikariPool-1)']
	Database driver: undefined/unknown
	Database version: 8.0.44
	Autocommit mode: undefined/unknown
	Isolation level: undefined/unknown
	Minimum pool size: undefined/unknown
	Maximum pool size: undefined/unknown
2026-02-08T15:57:13.155+09:00  INFO 13164 --- [dna-tools-api] [Test worker] o.h.e.t.j.p.i.JtaPlatformInitiator       : HHH000489: No JTA platform available (set 'hibernate.transaction.jta.platform' to enable JTA platform integration)
2026-02-08T15:57:13.157+09:00  INFO 13164 --- [dna-tools-api] [Test worker] j.LocalContainerEntityManagerFactoryBean : Initialized JPA EntityManagerFactory for persistence unit 'default'
2026-02-08T15:57:13.548+09:00  INFO 13164 --- [dna-tools-api] [Test worker] o.s.d.j.r.query.QueryEnhancerFactory     : Hibernate is in classpath; If applicable, HQL parser will be used.
2026-02-08T15:57:14.029+09:00  WARN 13164 --- [dna-tools-api] [Test worker] JpaBaseConfiguration$JpaWebConfiguration : spring.jpa.open-in-view is enabled by default. Therefore, database queries may be performed during view rendering. Explicitly configure spring.jpa.open-in-view to disable this warning
2026-02-08T15:57:14.308+09:00  WARN 13164 --- [dna-tools-api] [Test worker] .s.s.UserDetailsServiceAutoConfiguration : 

Using generated security password: 26e6ea0b-dcc6-4805-b0ca-a2cf8a688e8c

This generated password is for development use only. Your security configuration must be updated before running your application in production.

2026-02-08T15:57:14.316+09:00  INFO 13164 --- [dna-tools-api] [Test worker] r$InitializeUserDetailsManagerConfigurer : Global AuthenticationManager configured with UserDetailsService bean with name inMemoryUserDetailsManager
2026-02-08T15:57:14.675+09:00  INFO 13164 --- [dna-tools-api] [Test worker] c.dna.tools.DnaToolsApiApplicationTests  : Started DnaToolsApiApplicationTests in 3.96 seconds (process running for 4.62)
2026-02-08T15:57:14.944+09:00  INFO 13164 --- [dna-tools-api] [SpringApplicationShutdownHook] j.LocalContainerEntityManagerFactoryBean : Closing JPA EntityManagerFactory for persistence unit 'default'
2026-02-08T15:57:14.946+09:00  INFO 13164 --- [dna-tools-api] [SpringApplicationShutdownHook] com.zaxxer.hikari.HikariDataSource       : HikariPool-1 - Shutdown initiated...
2026-02-08T15:57:14.953+09:00  INFO 13164 --- [dna-tools-api] [SpringApplicationShutdownHook] com.zaxxer.hikari.HikariDataSource       : HikariPool-1 - Shutdown completed.
