2026-02-17T00:00:00.010+09:00  INFO 35260 --- [dna-tools-api] [scheduling-1] c.dna.tools.batch.OrphanImageCleanupJob  : 고아 이미지 정리 작업 시작
2026-02-17T00:00:00.018+09:00  INFO 35260 --- [dna-tools-api] [scheduling-1] c.dna.tools.batch.OrphanImageCleanupJob  : 고아 이미지 정리 작업 완료. 삭제 건수=0
2026-02-17T00:09:18.802+09:00  INFO 35260 --- [dna-tools-api] [http-nio-8080-exec-9] o.apache.coyote.http11.Http11Processor   : Error parsing HTTP request header
 Note: further occurrences of HTTP request parsing errors will be logged at DEBUG level.

java.lang.IllegalArgumentException: Invalid character found in method name [SSH-2.0-OpenSSH0x0d0x0a...]. HTTP method names must be tokens
	at org.apache.coyote.http11.Http11InputBuffer.parseRequestLine(Http11InputBuffer.java:402) ~[tomcat-embed-core-10.1.50.jar:10.1.50]
	at org.apache.coyote.http11.Http11Processor.service(Http11Processor.java:272) ~[tomcat-embed-core-10.1.50.jar:10.1.50]
	at org.apache.coyote.AbstractProcessorLight.process(AbstractProcessorLight.java:63) ~[tomcat-embed-core-10.1.50.jar:10.1.50]
	at org.apache.coyote.AbstractProtocol$ConnectionHandler.process(AbstractProtocol.java:903) ~[tomcat-embed-core-10.1.50.jar:10.1.50]
	at org.apache.tomcat.util.net.NioEndpoint$SocketProcessor.doRun(NioEndpoint.java:1774) ~[tomcat-embed-core-10.1.50.jar:10.1.50]
	at org.apache.tomcat.util.net.SocketProcessorBase.run(SocketProcessorBase.java:52) ~[tomcat-embed-core-10.1.50.jar:10.1.50]
	at org.apache.tomcat.util.threads.ThreadPoolExecutor.runWorker(ThreadPoolExecutor.java:973) ~[tomcat-embed-core-10.1.50.jar:10.1.50]
	at org.apache.tomcat.util.threads.ThreadPoolExecutor$Worker.run(ThreadPoolExecutor.java:491) ~[tomcat-embed-core-10.1.50.jar:10.1.50]
	at org.apache.tomcat.util.threads.TaskThread$WrappingRunnable.run(TaskThread.java:63) ~[tomcat-embed-core-10.1.50.jar:10.1.50]
	at java.base/java.lang.Thread.run(Thread.java:1583) ~[na:na]

2026-02-17T01:00:00.013+09:00  INFO 35260 --- [dna-tools-api] [scheduling-1] c.dna.tools.batch.OrphanImageCleanupJob  : 고아 이미지 정리 작업 시작
2026-02-17T01:00:00.017+09:00  INFO 35260 --- [dna-tools-api] [scheduling-1] c.dna.tools.batch.OrphanImageCleanupJob  : 고아 이미지 정리 작업 완료. 삭제 건수=0
2026-02-17T01:05:50.555+09:00  WARN 35260 --- [dna-tools-api] [HikariPool-1:housekeeper] com.zaxxer.hikari.pool.PoolBase          : HikariPool-1 - Failed to validate connection com.mysql.cj.jdbc.ConnectionImpl@12e8457f (No operations allowed after connection closed.). Possibly consider using a shorter maxLifetime value.
2026-02-17T01:05:53.340+09:00  WARN 35260 --- [dna-tools-api] [HikariPool-1:housekeeper] com.zaxxer.hikari.pool.PoolBase          : HikariPool-1 - Failed to validate connection com.mysql.cj.jdbc.ConnectionImpl@3f2637ba (No operations allowed after connection closed.). Possibly consider using a shorter maxLifetime value.
2026-02-17T01:05:54.376+09:00  WARN 35260 --- [dna-tools-api] [HikariPool-1:housekeeper] com.zaxxer.hikari.pool.PoolBase          : HikariPool-1 - Failed to validate connection com.mysql.cj.jdbc.ConnectionImpl@6a8026b5 (No operations allowed after connection closed.). Possibly consider using a shorter maxLifetime value.
2026-02-17T01:06:02.924+09:00  WARN 35260 --- [dna-tools-api] [HikariPool-1:housekeeper] com.zaxxer.hikari.pool.PoolBase          : HikariPool-1 - Failed to validate connection com.mysql.cj.jdbc.ConnectionImpl@3a135527 (No operations allowed after connection closed.). Possibly consider using a shorter maxLifetime value.
2026-02-17T01:06:19.169+09:00  WARN 35260 --- [dna-tools-api] [HikariPool-1:housekeeper] com.zaxxer.hikari.pool.PoolBase          : HikariPool-1 - Failed to validate connection com.mysql.cj.jdbc.ConnectionImpl@1736c7e0 (No operations allowed after connection closed.). Possibly consider using a shorter maxLifetime value.
2026-02-17T01:06:26.877+09:00  WARN 35260 --- [dna-tools-api] [HikariPool-1:housekeeper] com.zaxxer.hikari.pool.PoolBase          : HikariPool-1 - Failed to validate connection com.mysql.cj.jdbc.ConnectionImpl@5cf226ea (No operations allowed after connection closed.). Possibly consider using a shorter maxLifetime value.
2026-02-17T01:06:40.078+09:00  WARN 35260 --- [dna-tools-api] [HikariPool-1:housekeeper] com.zaxxer.hikari.pool.PoolBase          : HikariPool-1 - Failed to validate connection com.mysql.cj.jdbc.ConnectionImpl@79397fb8 (No operations allowed after connection closed.). Possibly consider using a shorter maxLifetime value.
2026-02-17T01:06:42.592+09:00  WARN 35260 --- [dna-tools-api] [HikariPool-1:housekeeper] com.zaxxer.hikari.pool.PoolBase          : HikariPool-1 - Failed to validate connection com.mysql.cj.jdbc.ConnectionImpl@f13447b (No operations allowed after connection closed.). Possibly consider using a shorter maxLifetime value.
2026-02-17T01:06:50.672+09:00  WARN 35260 --- [dna-tools-api] [HikariPool-1:housekeeper] com.zaxxer.hikari.pool.PoolBase          : HikariPool-1 - Failed to validate connection com.mysql.cj.jdbc.ConnectionImpl@5a03d256 (No operations allowed after connection closed.). Possibly consider using a shorter maxLifetime value.
2026-02-17T01:07:27.480+09:00  WARN 35260 --- [dna-tools-api] [HikariPool-1:housekeeper] com.zaxxer.hikari.pool.PoolBase          : HikariPool-1 - Failed to validate connection com.mysql.cj.jdbc.ConnectionImpl@750e1674 (No operations allowed after connection closed.). Possibly consider using a shorter maxLifetime value.
2026-02-17T01:07:31.351+09:00  WARN 35260 --- [dna-tools-api] [HikariPool-1:connection-adder] com.zaxxer.hikari.pool.PoolBase          : HikariPool-1 - Pool is empty, failed to create/setup connection (e0abf876-417a-477b-9764-4f97e86cb2cd)

com.mysql.cj.jdbc.exceptions.CommunicationsException: Communications link failure

The last packet sent successfully to the server was 0 milliseconds ago. The driver has not received any packets from the server.
	at com.mysql.cj.jdbc.exceptions.SQLError.createCommunicationsException(SQLError.java:165) ~[mysql-connector-j-9.5.0.jar:9.5.0]
	at com.mysql.cj.jdbc.exceptions.SQLExceptionsMapping.translateException(SQLExceptionsMapping.java:55) ~[mysql-connector-j-9.5.0.jar:9.5.0]
	at com.mysql.cj.jdbc.ConnectionImpl.createNewIO(ConnectionImpl.java:840) ~[mysql-connector-j-9.5.0.jar:9.5.0]
	at com.mysql.cj.jdbc.ConnectionImpl.<init>(ConnectionImpl.java:416) ~[mysql-connector-j-9.5.0.jar:9.5.0]
	at com.mysql.cj.jdbc.ConnectionImpl.getInstance(ConnectionImpl.java:237) ~[mysql-connector-j-9.5.0.jar:9.5.0]
	at com.mysql.cj.jdbc.NonRegisteringDriver.connect(NonRegisteringDriver.java:180) ~[mysql-connector-j-9.5.0.jar:9.5.0]
	at com.zaxxer.hikari.util.DriverDataSource.getConnection(DriverDataSource.java:144) ~[HikariCP-6.3.3.jar:na]
	at com.zaxxer.hikari.pool.PoolBase.newConnection(PoolBase.java:370) ~[HikariCP-6.3.3.jar:na]
	at com.zaxxer.hikari.pool.PoolBase.newPoolEntry(PoolBase.java:207) ~[HikariCP-6.3.3.jar:na]
	at com.zaxxer.hikari.pool.HikariPool.createPoolEntry(HikariPool.java:488) ~[HikariCP-6.3.3.jar:na]
	at com.zaxxer.hikari.pool.HikariPool$PoolEntryCreator.call(HikariPool.java:752) ~[HikariCP-6.3.3.jar:na]
	at com.zaxxer.hikari.pool.HikariPool$PoolEntryCreator.call(HikariPool.java:731) ~[HikariCP-6.3.3.jar:na]
	at java.base/java.util.concurrent.FutureTask.run(FutureTask.java:317) ~[na:na]
	at java.base/java.util.concurrent.ThreadPoolExecutor.runWorker(ThreadPoolExecutor.java:1144) ~[na:na]
	at java.base/java.util.concurrent.ThreadPoolExecutor$Worker.run(ThreadPoolExecutor.java:642) ~[na:na]
	at java.base/java.lang.Thread.run(Thread.java:1583) ~[na:na]
Caused by: com.mysql.cj.exceptions.CJCommunicationsException: Communications link failure

The last packet sent successfully to the server was 0 milliseconds ago. The driver has not received any packets from the server.
	at java.base/jdk.internal.reflect.DirectConstructorHandleAccessor.newInstance(DirectConstructorHandleAccessor.java:62) ~[na:na]
	at java.base/java.lang.reflect.Constructor.newInstanceWithCaller(Constructor.java:502) ~[na:na]
	at java.base/java.lang.reflect.Constructor.newInstance(Constructor.java:486) ~[na:na]
	at com.mysql.cj.exceptions.ExceptionFactory.createException(ExceptionFactory.java:52) ~[mysql-connector-j-9.5.0.jar:9.5.0]
	at com.mysql.cj.exceptions.ExceptionFactory.createException(ExceptionFactory.java:95) ~[mysql-connector-j-9.5.0.jar:9.5.0]
	at com.mysql.cj.exceptions.ExceptionFactory.createException(ExceptionFactory.java:140) ~[mysql-connector-j-9.5.0.jar:9.5.0]
	at com.mysql.cj.exceptions.ExceptionFactory.createCommunicationsException(ExceptionFactory.java:156) ~[mysql-connector-j-9.5.0.jar:9.5.0]
	at com.mysql.cj.protocol.a.NativeSocketConnection.connect(NativeSocketConnection.java:79) ~[mysql-connector-j-9.5.0.jar:9.5.0]
	at com.mysql.cj.NativeSession.connect(NativeSession.java:142) ~[mysql-connector-j-9.5.0.jar:9.5.0]
	at com.mysql.cj.jdbc.ConnectionImpl.connectOneTryOnly(ConnectionImpl.java:964) ~[mysql-connector-j-9.5.0.jar:9.5.0]
	at com.mysql.cj.jdbc.ConnectionImpl.createNewIO(ConnectionImpl.java:828) ~[mysql-connector-j-9.5.0.jar:9.5.0]
	... 13 common frames omitted
Caused by: java.net.ConnectException: Connection refused: getsockopt
	at java.base/sun.nio.ch.Net.pollConnect(Native Method) ~[na:na]
	at java.base/sun.nio.ch.Net.pollConnectNow(Net.java:682) ~[na:na]
	at java.base/sun.nio.ch.NioSocketImpl.timedFinishConnect(NioSocketImpl.java:542) ~[na:na]
	at java.base/sun.nio.ch.NioSocketImpl.connect(NioSocketImpl.java:592) ~[na:na]
	at java.base/java.net.SocksSocketImpl.connect(SocksSocketImpl.java:327) ~[na:na]
	at java.base/java.net.Socket.connect(Socket.java:751) ~[na:na]
	at com.mysql.cj.protocol.StandardSocketFactory.connect(StandardSocketFactory.java:144) ~[mysql-connector-j-9.5.0.jar:9.5.0]
	at com.mysql.cj.protocol.a.NativeSocketConnection.connect(NativeSocketConnection.java:53) ~[mysql-connector-j-9.5.0.jar:9.5.0]
	... 16 common frames omitted

2026-02-17T01:13:42.637+09:00  INFO 6208 --- [dna-tools-api] [restartedMain] com.dna.tools.DnaToolsApiApplication     : Starting DnaToolsApiApplication using Java 21.0.8 with PID 6208 (E:\DJL\react_work\dna-tools\backend\dna-tools-api\build\classes\java\main started by User in E:\DJL\react_work\dna-tools)
2026-02-17T01:13:42.638+09:00 DEBUG 6208 --- [dna-tools-api] [restartedMain] com.dna.tools.DnaToolsApiApplication     : Running with Spring Boot v3.5.9, Spring v6.2.15
2026-02-17T01:13:42.639+09:00  INFO 6208 --- [dna-tools-api] [restartedMain] com.dna.tools.DnaToolsApiApplication     : No active profile set, falling back to 1 default profile: "default"
2026-02-17T01:13:42.693+09:00  INFO 6208 --- [dna-tools-api] [restartedMain] .e.DevToolsPropertyDefaultsPostProcessor : Devtools property defaults active! Set 'spring.devtools.add-properties' to 'false' to disable
2026-02-17T01:13:42.693+09:00  INFO 6208 --- [dna-tools-api] [restartedMain] .e.DevToolsPropertyDefaultsPostProcessor : For additional web related logging consider setting the 'logging.level.web' property to 'DEBUG'
2026-02-17T01:13:43.362+09:00  INFO 6208 --- [dna-tools-api] [restartedMain] .s.d.r.c.RepositoryConfigurationDelegate : Bootstrapping Spring Data JPA repositories in DEFAULT mode.
2026-02-17T01:13:43.425+09:00  INFO 6208 --- [dna-tools-api] [restartedMain] .s.d.r.c.RepositoryConfigurationDelegate : Finished Spring Data repository scanning in 56 ms. Found 6 JPA repository interfaces.
2026-02-17T01:13:44.170+09:00  INFO 6208 --- [dna-tools-api] [restartedMain] o.s.b.w.embedded.tomcat.TomcatWebServer  : Tomcat initialized with port 8080 (http)
2026-02-17T01:13:44.195+09:00  INFO 6208 --- [dna-tools-api] [restartedMain] o.apache.catalina.core.StandardService   : Starting service [Tomcat]
2026-02-17T01:13:44.195+09:00  INFO 6208 --- [dna-tools-api] [restartedMain] o.apache.catalina.core.StandardEngine    : Starting Servlet engine: [Apache Tomcat/10.1.50]
2026-02-17T01:13:44.237+09:00  INFO 6208 --- [dna-tools-api] [restartedMain] o.a.c.c.C.[Tomcat].[localhost].[/]       : Initializing Spring embedded WebApplicationContext
2026-02-17T01:13:44.238+09:00  INFO 6208 --- [dna-tools-api] [restartedMain] w.s.c.ServletWebServerApplicationContext : Root WebApplicationContext: initialization completed in 1544 ms
2026-02-17T01:13:44.329+09:00 DEBUG 6208 --- [dna-tools-api] [restartedMain] c.d.t.s.jwt.JwtAuthenticationFilter      : Filter 'jwtAuthenticationFilter' configured for use
2026-02-17T01:13:44.542+09:00  INFO 6208 --- [dna-tools-api] [restartedMain] o.hibernate.jpa.internal.util.LogHelper  : HHH000204: Processing PersistenceUnitInfo [name: default]
2026-02-17T01:13:44.579+09:00  INFO 6208 --- [dna-tools-api] [restartedMain] org.hibernate.Version                    : HHH000412: Hibernate ORM core version 6.6.39.Final
2026-02-17T01:13:44.609+09:00  INFO 6208 --- [dna-tools-api] [restartedMain] o.h.c.internal.RegionFactoryInitiator    : HHH000026: Second-level cache disabled
2026-02-17T01:13:44.854+09:00  INFO 6208 --- [dna-tools-api] [restartedMain] o.s.o.j.p.SpringPersistenceUnitInfo      : No LoadTimeWeaver setup: ignoring JPA class transformer
2026-02-17T01:13:44.879+09:00  INFO 6208 --- [dna-tools-api] [restartedMain] com.zaxxer.hikari.HikariDataSource       : HikariPool-1 - Starting...
2026-02-17T01:13:45.117+09:00  INFO 6208 --- [dna-tools-api] [restartedMain] com.zaxxer.hikari.pool.HikariPool        : HikariPool-1 - Added connection com.mysql.cj.jdbc.ConnectionImpl@3389a892
2026-02-17T01:13:45.119+09:00  INFO 6208 --- [dna-tools-api] [restartedMain] com.zaxxer.hikari.HikariDataSource       : HikariPool-1 - Start completed.
2026-02-17T01:13:45.167+09:00  INFO 6208 --- [dna-tools-api] [restartedMain] org.hibernate.orm.connections.pooling    : HHH10001005: Database info:
	Database JDBC URL [Connecting through datasource 'HikariDataSource (HikariPool-1)']
	Database driver: undefined/unknown
	Database version: 8.0.44
	Autocommit mode: undefined/unknown
	Isolation level: undefined/unknown
	Minimum pool size: undefined/unknown
	Maximum pool size: undefined/unknown
2026-02-17T01:13:45.927+09:00  INFO 6208 --- [dna-tools-api] [restartedMain] o.h.e.t.j.p.i.JtaPlatformInitiator       : HHH000489: No JTA platform available (set 'hibernate.transaction.jta.platform' to enable JTA platform integration)
2026-02-17T01:13:45.929+09:00  INFO 6208 --- [dna-tools-api] [restartedMain] j.LocalContainerEntityManagerFactoryBean : Initialized JPA EntityManagerFactory for persistence unit 'default'
2026-02-17T01:13:46.337+09:00  INFO 6208 --- [dna-tools-api] [restartedMain] o.s.d.j.r.query.QueryEnhancerFactory     : Hibernate is in classpath; If applicable, HQL parser will be used.
2026-02-17T01:13:46.915+09:00  WARN 6208 --- [dna-tools-api] [restartedMain] JpaBaseConfiguration$JpaWebConfiguration : spring.jpa.open-in-view is enabled by default. Therefore, database queries may be performed during view rendering. Explicitly configure spring.jpa.open-in-view to disable this warning
2026-02-17T01:13:47.191+09:00  WARN 6208 --- [dna-tools-api] [restartedMain] .s.s.UserDetailsServiceAutoConfiguration : 

Using generated security password: 692ff91b-2d74-4a12-813f-e57c415f5571

This generated password is for development use only. Your security configuration must be updated before running your application in production.

2026-02-17T01:13:47.196+09:00  INFO 6208 --- [dna-tools-api] [restartedMain] r$InitializeUserDetailsManagerConfigurer : Global AuthenticationManager configured with UserDetailsService bean with name inMemoryUserDetailsManager
2026-02-17T01:13:47.480+09:00  INFO 6208 --- [dna-tools-api] [restartedMain] o.s.b.d.a.OptionalLiveReloadServer       : LiveReload server is running on port 35729
2026-02-17T01:13:47.500+09:00  INFO 6208 --- [dna-tools-api] [restartedMain] o.s.b.w.embedded.tomcat.TomcatWebServer  : Tomcat started on port 8080 (http) with context path '/'
2026-02-17T01:13:47.509+09:00  INFO 6208 --- [dna-tools-api] [restartedMain] com.dna.tools.DnaToolsApiApplication     : Started DnaToolsApiApplication in 5.25 seconds (process running for 5.576)
2026-02-17T01:13:54.509+09:00  INFO 6208 --- [dna-tools-api] [http-nio-8080-exec-1] o.a.c.c.C.[Tomcat].[localhost].[/]       : Initializing Spring DispatcherServlet 'dispatcherServlet'
2026-02-17T01:13:54.509+09:00  INFO 6208 --- [dna-tools-api] [http-nio-8080-exec-1] o.s.web.servlet.DispatcherServlet        : Initializing Servlet 'dispatcherServlet'
2026-02-17T01:13:54.510+09:00  INFO 6208 --- [dna-tools-api] [http-nio-8080-exec-1] o.s.web.servlet.DispatcherServlet        : Completed initialization in 1 ms
2026-02-17T09:38:08.620+09:00  INFO 12824 --- [dna-tools-api] [restartedMain] com.dna.tools.DnaToolsApiApplication     : Starting DnaToolsApiApplication using Java 21.0.8 with PID 12824 (E:\DJL\react_work\dna-tools\backend\dna-tools-api\build\classes\java\main started by User in E:\DJL\react_work\dna-tools)
2026-02-17T09:38:08.672+09:00 DEBUG 12824 --- [dna-tools-api] [restartedMain] com.dna.tools.DnaToolsApiApplication     : Running with Spring Boot v3.5.9, Spring v6.2.15
2026-02-17T09:38:08.673+09:00  INFO 12824 --- [dna-tools-api] [restartedMain] com.dna.tools.DnaToolsApiApplication     : No active profile set, falling back to 1 default profile: "default"
2026-02-17T09:38:08.725+09:00  INFO 12824 --- [dna-tools-api] [restartedMain] .e.DevToolsPropertyDefaultsPostProcessor : Devtools property defaults active! Set 'spring.devtools.add-properties' to 'false' to disable
2026-02-17T09:38:08.726+09:00  INFO 12824 --- [dna-tools-api] [restartedMain] .e.DevToolsPropertyDefaultsPostProcessor : For additional web related logging consider setting the 'logging.level.web' property to 'DEBUG'
2026-02-17T09:38:09.809+09:00  INFO 12824 --- [dna-tools-api] [restartedMain] .s.d.r.c.RepositoryConfigurationDelegate : Bootstrapping Spring Data JPA repositories in DEFAULT mode.
2026-02-17T09:38:09.912+09:00  INFO 12824 --- [dna-tools-api] [restartedMain] .s.d.r.c.RepositoryConfigurationDelegate : Finished Spring Data repository scanning in 94 ms. Found 6 JPA repository interfaces.
2026-02-17T09:38:10.759+09:00  INFO 12824 --- [dna-tools-api] [restartedMain] o.s.b.w.embedded.tomcat.TomcatWebServer  : Tomcat initialized with port 8080 (http)
2026-02-17T09:38:10.775+09:00  INFO 12824 --- [dna-tools-api] [restartedMain] o.apache.catalina.core.StandardService   : Starting service [Tomcat]
2026-02-17T09:38:10.775+09:00  INFO 12824 --- [dna-tools-api] [restartedMain] o.apache.catalina.core.StandardEngine    : Starting Servlet engine: [Apache Tomcat/10.1.50]
2026-02-17T09:38:10.809+09:00  INFO 12824 --- [dna-tools-api] [restartedMain] o.a.c.c.C.[Tomcat].[localhost].[/]       : Initializing Spring embedded WebApplicationContext
2026-02-17T09:38:10.810+09:00  INFO 12824 --- [dna-tools-api] [restartedMain] w.s.c.ServletWebServerApplicationContext : Root WebApplicationContext: initialization completed in 2083 ms
2026-02-17T09:38:10.930+09:00 DEBUG 12824 --- [dna-tools-api] [restartedMain] c.d.t.s.jwt.JwtAuthenticationFilter      : Filter 'jwtAuthenticationFilter' configured for use
2026-02-17T09:38:11.167+09:00  INFO 12824 --- [dna-tools-api] [restartedMain] o.hibernate.jpa.internal.util.LogHelper  : HHH000204: Processing PersistenceUnitInfo [name: default]
2026-02-17T09:38:11.209+09:00  INFO 12824 --- [dna-tools-api] [restartedMain] org.hibernate.Version                    : HHH000412: Hibernate ORM core version 6.6.39.Final
2026-02-17T09:38:11.244+09:00  INFO 12824 --- [dna-tools-api] [restartedMain] o.h.c.internal.RegionFactoryInitiator    : HHH000026: Second-level cache disabled
2026-02-17T09:38:11.531+09:00  INFO 12824 --- [dna-tools-api] [restartedMain] o.s.o.j.p.SpringPersistenceUnitInfo      : No LoadTimeWeaver setup: ignoring JPA class transformer
2026-02-17T09:38:11.555+09:00  INFO 12824 --- [dna-tools-api] [restartedMain] com.zaxxer.hikari.HikariDataSource       : HikariPool-1 - Starting...
2026-02-17T09:38:11.798+09:00  INFO 12824 --- [dna-tools-api] [restartedMain] com.zaxxer.hikari.pool.HikariPool        : HikariPool-1 - Added connection com.mysql.cj.jdbc.ConnectionImpl@582d7122
2026-02-17T09:38:11.800+09:00  INFO 12824 --- [dna-tools-api] [restartedMain] com.zaxxer.hikari.HikariDataSource       : HikariPool-1 - Start completed.
2026-02-17T09:38:11.860+09:00  INFO 12824 --- [dna-tools-api] [restartedMain] org.hibernate.orm.connections.pooling    : HHH10001005: Database info:
	Database JDBC URL [Connecting through datasource 'HikariDataSource (HikariPool-1)']
	Database driver: undefined/unknown
	Database version: 8.0.44
	Autocommit mode: undefined/unknown
	Isolation level: undefined/unknown
	Minimum pool size: undefined/unknown
	Maximum pool size: undefined/unknown
2026-02-17T09:38:12.690+09:00  INFO 12824 --- [dna-tools-api] [restartedMain] o.h.e.t.j.p.i.JtaPlatformInitiator       : HHH000489: No JTA platform available (set 'hibernate.transaction.jta.platform' to enable JTA platform integration)
2026-02-17T09:38:12.693+09:00  INFO 12824 --- [dna-tools-api] [restartedMain] j.LocalContainerEntityManagerFactoryBean : Initialized JPA EntityManagerFactory for persistence unit 'default'
2026-02-17T09:38:13.067+09:00  INFO 12824 --- [dna-tools-api] [restartedMain] o.s.d.j.r.query.QueryEnhancerFactory     : Hibernate is in classpath; If applicable, HQL parser will be used.
2026-02-17T09:38:13.663+09:00  WARN 12824 --- [dna-tools-api] [restartedMain] JpaBaseConfiguration$JpaWebConfiguration : spring.jpa.open-in-view is enabled by default. Therefore, database queries may be performed during view rendering. Explicitly configure spring.jpa.open-in-view to disable this warning
2026-02-17T09:38:14.006+09:00  WARN 12824 --- [dna-tools-api] [restartedMain] .s.s.UserDetailsServiceAutoConfiguration : 

Using generated security password: 057168f2-139f-42cb-8bcc-706062477b03

This generated password is for development use only. Your security configuration must be updated before running your application in production.

2026-02-17T09:38:14.021+09:00  INFO 12824 --- [dna-tools-api] [restartedMain] r$InitializeUserDetailsManagerConfigurer : Global AuthenticationManager configured with UserDetailsService bean with name inMemoryUserDetailsManager
2026-02-17T09:38:14.369+09:00  INFO 12824 --- [dna-tools-api] [restartedMain] o.s.b.d.a.OptionalLiveReloadServer       : LiveReload server is running on port 35729
2026-02-17T09:38:14.390+09:00  INFO 12824 --- [dna-tools-api] [restartedMain] o.s.b.w.embedded.tomcat.TomcatWebServer  : Tomcat started on port 8080 (http) with context path '/'
2026-02-17T09:38:14.397+09:00  INFO 12824 --- [dna-tools-api] [restartedMain] com.dna.tools.DnaToolsApiApplication     : Started DnaToolsApiApplication in 6.321 seconds (process running for 6.844)
2026-02-17T09:39:21.985+09:00  INFO 12824 --- [dna-tools-api] [http-nio-8080-exec-1] o.a.c.c.C.[Tomcat].[localhost].[/]       : Initializing Spring DispatcherServlet 'dispatcherServlet'
2026-02-17T09:39:21.985+09:00  INFO 12824 --- [dna-tools-api] [http-nio-8080-exec-1] o.s.web.servlet.DispatcherServlet        : Initializing Servlet 'dispatcherServlet'
2026-02-17T09:39:21.986+09:00  INFO 12824 --- [dna-tools-api] [http-nio-8080-exec-1] o.s.web.servlet.DispatcherServlet        : Completed initialization in 1 ms
2026-02-17T10:00:00.021+09:00  INFO 12824 --- [dna-tools-api] [scheduling-1] c.dna.tools.batch.OrphanImageCleanupJob  : 고아 이미지 정리 작업 시작
2026-02-17T10:00:00.035+09:00  INFO 12824 --- [dna-tools-api] [scheduling-1] c.dna.tools.batch.OrphanImageCleanupJob  : 고아 이미지 정리 작업 완료. 삭제 건수=0
2026-02-17T10:39:45.300+09:00  INFO 12824 --- [dna-tools-api] [http-nio-8080-exec-6] o.apache.coyote.http11.Http11Processor   : Error parsing HTTP request header
 Note: further occurrences of HTTP request parsing errors will be logged at DEBUG level.

java.lang.IllegalArgumentException: Invalid character found in method name [MGLNDD_121.163.93.57_80800x0a...]. HTTP method names must be tokens
	at org.apache.coyote.http11.Http11InputBuffer.parseRequestLine(Http11InputBuffer.java:402) ~[tomcat-embed-core-10.1.50.jar:10.1.50]
	at org.apache.coyote.http11.Http11Processor.service(Http11Processor.java:272) ~[tomcat-embed-core-10.1.50.jar:10.1.50]
	at org.apache.coyote.AbstractProcessorLight.process(AbstractProcessorLight.java:63) ~[tomcat-embed-core-10.1.50.jar:10.1.50]
	at org.apache.coyote.AbstractProtocol$ConnectionHandler.process(AbstractProtocol.java:903) ~[tomcat-embed-core-10.1.50.jar:10.1.50]
	at org.apache.tomcat.util.net.NioEndpoint$SocketProcessor.doRun(NioEndpoint.java:1774) ~[tomcat-embed-core-10.1.50.jar:10.1.50]
	at org.apache.tomcat.util.net.SocketProcessorBase.run(SocketProcessorBase.java:52) ~[tomcat-embed-core-10.1.50.jar:10.1.50]
	at org.apache.tomcat.util.threads.ThreadPoolExecutor.runWorker(ThreadPoolExecutor.java:973) ~[tomcat-embed-core-10.1.50.jar:10.1.50]
	at org.apache.tomcat.util.threads.ThreadPoolExecutor$Worker.run(ThreadPoolExecutor.java:491) ~[tomcat-embed-core-10.1.50.jar:10.1.50]
	at org.apache.tomcat.util.threads.TaskThread$WrappingRunnable.run(TaskThread.java:63) ~[tomcat-embed-core-10.1.50.jar:10.1.50]
	at java.base/java.lang.Thread.run(Thread.java:1583) ~[na:na]

2026-02-17T11:00:00.006+09:00  INFO 12824 --- [dna-tools-api] [scheduling-1] c.dna.tools.batch.OrphanImageCleanupJob  : 고아 이미지 정리 작업 시작
2026-02-17T11:00:00.018+09:00  INFO 12824 --- [dna-tools-api] [scheduling-1] c.dna.tools.batch.OrphanImageCleanupJob  : 고아 이미지 정리 작업 완료. 삭제 건수=0
2026-02-17T12:00:00.017+09:00  INFO 12824 --- [dna-tools-api] [scheduling-1] c.dna.tools.batch.OrphanImageCleanupJob  : 고아 이미지 정리 작업 시작
2026-02-17T12:00:00.030+09:00  INFO 12824 --- [dna-tools-api] [scheduling-1] c.dna.tools.batch.OrphanImageCleanupJob  : 고아 이미지 정리 작업 완료. 삭제 건수=0
2026-02-17T13:00:00.005+09:00  INFO 12824 --- [dna-tools-api] [scheduling-1] c.dna.tools.batch.OrphanImageCleanupJob  : 고아 이미지 정리 작업 시작
2026-02-17T13:00:00.017+09:00  INFO 12824 --- [dna-tools-api] [scheduling-1] c.dna.tools.batch.OrphanImageCleanupJob  : 고아 이미지 정리 작업 완료. 삭제 건수=0
2026-02-17T14:00:00.013+09:00  INFO 12824 --- [dna-tools-api] [scheduling-1] c.dna.tools.batch.OrphanImageCleanupJob  : 고아 이미지 정리 작업 시작
2026-02-17T14:00:00.025+09:00  INFO 12824 --- [dna-tools-api] [scheduling-1] c.dna.tools.batch.OrphanImageCleanupJob  : 고아 이미지 정리 작업 완료. 삭제 건수=0
